Cloud-init v. 23.1.2-0ubuntu0~22.04.1 running 'init-local' at Fri, 08 Sep 2023 13:00:36 +0000. Up 8.66 seconds.
Cloud-init v. 23.1.2-0ubuntu0~22.04.1 running 'init' at Fri, 08 Sep 2023 13:00:39 +0000. Up 12.01 seconds.
ci-info: ++++++++++++++++++++++++++++++++++++++Net device info+++++++++++++++++++++++++++++++++++++++
ci-info: +--------+------+-----------------------------+---------------+--------+-------------------+
ci-info: | Device |  Up  |           Address           |      Mask     | Scope  |     Hw-Address    |
ci-info: +--------+------+-----------------------------+---------------+--------+-------------------+
ci-info: |  eth0  | True |        172.31.40.109        | 255.255.240.0 | global | 0e:62:9d:94:a4:27 |
ci-info: |  eth0  | True | fe80::c62:9dff:fe94:a427/64 |       .       |  link  | 0e:62:9d:94:a4:27 |
ci-info: |   lo   | True |          127.0.0.1          |   255.0.0.0   |  host  |         .         |
ci-info: |   lo   | True |           ::1/128           |       .       |  host  |         .         |
ci-info: +--------+------+-----------------------------+---------------+--------+-------------------+
ci-info: ++++++++++++++++++++++++++++++Route IPv4 info++++++++++++++++++++++++++++++
ci-info: +-------+-------------+-------------+-----------------+-----------+-------+
ci-info: | Route | Destination |   Gateway   |     Genmask     | Interface | Flags |
ci-info: +-------+-------------+-------------+-----------------+-----------+-------+
ci-info: |   0   |   0.0.0.0   | 172.31.32.1 |     0.0.0.0     |    eth0   |   UG  |
ci-info: |   1   |  172.31.0.2 | 172.31.32.1 | 255.255.255.255 |    eth0   |  UGH  |
ci-info: |   2   | 172.31.32.0 |   0.0.0.0   |  255.255.240.0  |    eth0   |   U   |
ci-info: |   3   | 172.31.32.1 |   0.0.0.0   | 255.255.255.255 |    eth0   |   UH  |
ci-info: +-------+-------------+-------------+-----------------+-----------+-------+
ci-info: +++++++++++++++++++Route IPv6 info+++++++++++++++++++
ci-info: +-------+-------------+---------+-----------+-------+
ci-info: | Route | Destination | Gateway | Interface | Flags |
ci-info: +-------+-------------+---------+-----------+-------+
ci-info: |   1   |  fe80::/64  |    ::   |    eth0   |   U   |
ci-info: |   3   |    local    |    ::   |    eth0   |   U   |
ci-info: |   4   |  multicast  |    ::   |    eth0   |   U   |
ci-info: +-------+-------------+---------+-----------+-------+
2023-09-08 13:00:39,906 - schema.py[WARNING]: Invalid cloud-config provided: Please run 'sudo cloud-init schema --system' to see the schema errors.
Generating public/private rsa key pair.
Your identification has been saved in /etc/ssh/ssh_host_rsa_key
Your public key has been saved in /etc/ssh/ssh_host_rsa_key.pub
The key fingerprint is:
SHA256:zDnEUG5i8ujNkh+xEQL9G2OsqmAzqq2awz2CrpVkc2c root@ip-172-31-40-109
The key's randomart image is:
+---[RSA 3072]----+
|  ..  ...        |
|   ..  +         |
|    oo+ =        |
|     **B .       |
|  + ooE+S        |
| o =.*.+ .       |
|+++.+ =          |
|**+o o .         |
|&=o . .          |
+----[SHA256]-----+
Generating public/private dsa key pair.
Your identification has been saved in /etc/ssh/ssh_host_dsa_key
Your public key has been saved in /etc/ssh/ssh_host_dsa_key.pub
The key fingerprint is:
SHA256:AF5eAjf+MZdNmT3DgoHXn0dispMWXln938NtxjI++BA root@ip-172-31-40-109
The key's randomart image is:
+---[DSA 1024]----+
|    o.= ...+.= oo|
|   . * +. o+B X o|
|    . + o.o..X *.|
|       o +  * o o|
|        S  .E..o+|
|             .ooB|
|            .o =.|
|            ..o  |
|             ... |
+----[SHA256]-----+
Generating public/private ecdsa key pair.
Your identification has been saved in /etc/ssh/ssh_host_ecdsa_key
Your public key has been saved in /etc/ssh/ssh_host_ecdsa_key.pub
The key fingerprint is:
SHA256:ITTtPV2v0466YWb3MKgrsbTgrzY/wB3MFU+SUZi2PdI root@ip-172-31-40-109
The key's randomart image is:
+---[ECDSA 256]---+
|      o.  +Bo    |
|     . .. *+  .  |
|      .+.+ =.. . |
|       .=.= E   .|
|     . .S. o . o |
|      + +    .o .|
|     . + +  * ++ |
|      + =  = o.+.|
|     ..=ooo.oo  .|
+----[SHA256]-----+
Generating public/private ed25519 key pair.
Your identification has been saved in /etc/ssh/ssh_host_ed25519_key
Your public key has been saved in /etc/ssh/ssh_host_ed25519_key.pub
The key fingerprint is:
SHA256:cQN+fq1k5xjSYhWT1Oy8E6DCsBTn6vaAhQvOpgepwqM root@ip-172-31-40-109
The key's randomart image is:
+--[ED25519 256]--+
|      ..o  .++   |
|      o+ .  ooo  |
|     . ++ +..+   |
|     ...o=.+ .+  |
| .. . o S.= * oo |
|oo . =   . * *o  |
|o.+ o +     o .. |
|o=.  . o         |
|E..     .        |
+----[SHA256]-----+
Cloud-init v. 23.1.2-0ubuntu0~22.04.1 running 'modules:config' at Fri, 08 Sep 2023 13:00:51 +0000. Up 23.96 seconds.
Cloud-init v. 23.1.2-0ubuntu0~22.04.1 running 'modules:final' at Fri, 08 Sep 2023 13:00:53 +0000. Up 25.71 seconds.
Hit:1 http://us-east-1.ec2.archive.ubuntu.com/ubuntu jammy InRelease
Get:2 http://us-east-1.ec2.archive.ubuntu.com/ubuntu jammy-updates InRelease [119 kB]
Get:3 http://us-east-1.ec2.archive.ubuntu.com/ubuntu jammy-backports InRelease [109 kB]
Get:4 http://security.ubuntu.com/ubuntu jammy-security InRelease [110 kB]
Get:5 http://us-east-1.ec2.archive.ubuntu.com/ubuntu jammy/universe amd64 Packages [14.1 MB]
Get:6 http://us-east-1.ec2.archive.ubuntu.com/ubuntu jammy/universe Translation-en [5652 kB]
Get:7 http://us-east-1.ec2.archive.ubuntu.com/ubuntu jammy/universe amd64 c-n-f Metadata [286 kB]
Get:8 http://us-east-1.ec2.archive.ubuntu.com/ubuntu jammy/multiverse amd64 Packages [217 kB]
Get:9 http://us-east-1.ec2.archive.ubuntu.com/ubuntu jammy/multiverse Translation-en [112 kB]
Get:10 http://us-east-1.ec2.archive.ubuntu.com/ubuntu jammy/multiverse amd64 c-n-f Metadata [8372 B]
Get:11 http://us-east-1.ec2.archive.ubuntu.com/ubuntu jammy-updates/main amd64 Packages [970 kB]
Get:12 http://security.ubuntu.com/ubuntu jammy-security/main amd64 Packages [761 kB]
Get:13 http://us-east-1.ec2.archive.ubuntu.com/ubuntu jammy-updates/main Translation-en [222 kB]
Get:14 http://us-east-1.ec2.archive.ubuntu.com/ubuntu jammy-updates/main amd64 c-n-f Metadata [15.6 kB]
Get:15 http://us-east-1.ec2.archive.ubuntu.com/ubuntu jammy-updates/restricted amd64 Packages [838 kB]
Get:16 http://us-east-1.ec2.archive.ubuntu.com/ubuntu jammy-updates/restricted Translation-en [135 kB]
Get:17 http://us-east-1.ec2.archive.ubuntu.com/ubuntu jammy-updates/restricted amd64 c-n-f Metadata [536 B]
Get:18 http://us-east-1.ec2.archive.ubuntu.com/ubuntu jammy-updates/universe amd64 Packages [979 kB]
Get:19 http://us-east-1.ec2.archive.ubuntu.com/ubuntu jammy-updates/universe Translation-en [213 kB]
Get:20 http://us-east-1.ec2.archive.ubuntu.com/ubuntu jammy-updates/universe amd64 c-n-f Metadata [21.8 kB]
Get:21 http://us-east-1.ec2.archive.ubuntu.com/ubuntu jammy-updates/multiverse amd64 Packages [41.6 kB]
Get:22 http://us-east-1.ec2.archive.ubuntu.com/ubuntu jammy-updates/multiverse Translation-en [9768 B]
Get:23 http://us-east-1.ec2.archive.ubuntu.com/ubuntu jammy-updates/multiverse amd64 c-n-f Metadata [476 B]
Get:24 http://us-east-1.ec2.archive.ubuntu.com/ubuntu jammy-backports/main amd64 Packages [41.7 kB]
Get:25 http://us-east-1.ec2.archive.ubuntu.com/ubuntu jammy-backports/main Translation-en [10.5 kB]
Get:26 http://us-east-1.ec2.archive.ubuntu.com/ubuntu jammy-backports/main amd64 c-n-f Metadata [388 B]
Get:27 http://us-east-1.ec2.archive.ubuntu.com/ubuntu jammy-backports/restricted amd64 c-n-f Metadata [116 B]
Get:28 http://us-east-1.ec2.archive.ubuntu.com/ubuntu jammy-backports/universe amd64 Packages [24.3 kB]
Get:29 http://us-east-1.ec2.archive.ubuntu.com/ubuntu jammy-backports/universe Translation-en [16.4 kB]
Get:30 http://us-east-1.ec2.archive.ubuntu.com/ubuntu jammy-backports/universe amd64 c-n-f Metadata [640 B]
Get:31 http://us-east-1.ec2.archive.ubuntu.com/ubuntu jammy-backports/multiverse amd64 c-n-f Metadata [116 B]
Get:32 http://security.ubuntu.com/ubuntu jammy-security/main Translation-en [164 kB]
Get:33 http://security.ubuntu.com/ubuntu jammy-security/main amd64 c-n-f Metadata [11.3 kB]
Get:34 http://security.ubuntu.com/ubuntu jammy-security/restricted amd64 Packages [822 kB]
Get:35 http://security.ubuntu.com/ubuntu jammy-security/restricted Translation-en [132 kB]
Get:36 http://security.ubuntu.com/ubuntu jammy-security/restricted amd64 c-n-f Metadata [536 B]
Get:37 http://security.ubuntu.com/ubuntu jammy-security/universe amd64 Packages [781 kB]
Get:38 http://security.ubuntu.com/ubuntu jammy-security/universe Translation-en [143 kB]
Get:39 http://security.ubuntu.com/ubuntu jammy-security/universe amd64 c-n-f Metadata [16.7 kB]
Get:40 http://security.ubuntu.com/ubuntu jammy-security/multiverse amd64 Packages [36.5 kB]
Get:41 http://security.ubuntu.com/ubuntu jammy-security/multiverse Translation-en [7060 B]
Get:42 http://security.ubuntu.com/ubuntu jammy-security/multiverse amd64 c-n-f Metadata [260 B]
Fetched 27.1 MB in 5s (5135 kB/s)
Reading package lists...
Reading package lists...
Building dependency tree...
Reading state information...
wget is already the newest version (1.21.2-2ubuntu1).
wget set to manually installed.
The following packages will be upgraded:
  curl libcurl4
2 upgraded, 0 newly installed, 0 to remove and 111 not upgraded.
Need to get 484 kB of archives.
After this operation, 0 B of additional disk space will be used.
Get:1 http://us-east-1.ec2.archive.ubuntu.com/ubuntu jammy-updates/main amd64 curl amd64 7.81.0-1ubuntu1.13 [194 kB]
Get:2 http://us-east-1.ec2.archive.ubuntu.com/ubuntu jammy-updates/main amd64 libcurl4 amd64 7.81.0-1ubuntu1.13 [290 kB]
Fetched 484 kB in 0s (5446 kB/s)
(Reading database ... 64295 files and directories currently installed.)
Preparing to unpack .../curl_7.81.0-1ubuntu1.13_amd64.deb ...
Unpacking curl (7.81.0-1ubuntu1.13) over (7.81.0-1ubuntu1.10) ...
Preparing to unpack .../libcurl4_7.81.0-1ubuntu1.13_amd64.deb ...
Unpacking libcurl4:amd64 (7.81.0-1ubuntu1.13) over (7.81.0-1ubuntu1.10) ...
Setting up libcurl4:amd64 (7.81.0-1ubuntu1.13) ...
Setting up curl (7.81.0-1ubuntu1.13) ...
Processing triggers for man-db (2.10.2-1) ...
Processing triggers for libc-bin (2.35-0ubuntu3.1) ...
NEEDRESTART-VER: 3.5
NEEDRESTART-KCUR: 5.19.0-1025-aws
NEEDRESTART-KEXP: 5.19.0-1025-aws
NEEDRESTART-KSTA: 1
Cloud-init v. 23.1.2-0ubuntu0~22.04.1 finished at Fri, 08 Sep 2023 13:01:13 +0000. Datasource DataSourceEc2Local.  Up 45.80 seconds